<?xml version="1.0" encoding="UTF-8"?>
<testsuite name="com.afs.parkinglot.ParkingLotTest" tests="1" skipped="0" failures="0" errors="0" timestamp="2025-09-08T11:16:53" hostname="TANGKE3-W11" time="0.009">
  <properties/>
  <testcase name="should_return_null_when_park_given_StandardParkingBoy_and_not_full_ParkingLot_and_null_Car()" classname="com.afs.parkinglot.ParkingLotTest" time="0.009"/>
  <system-out><![CDATA[]]></system-out>
  <system-err><![CDATA[]]></system-err>
</testsuite>
