<?xml version="1.0" encoding="UTF-8"?>
<testsuite name="com.afs.parkinglot.ParkingLotTest" tests="1" skipped="0" failures="0" errors="0" timestamp="2025-09-08T10:02:57" hostname="TANGKE3-W11" time="0.011">
  <properties/>
  <testcase name="should_return_Car_when_park_given_not_full_ParkingLot_and_parked_Car()" classname="com.afs.parkinglot.ParkingLotTest" time="0.011"/>
  <system-out><![CDATA[]]></system-out>
  <system-err><![CDATA[]]></system-err>
</testsuite>
