<?xml version="1.0" encoding="UTF-8"?>
<testsuite name="com.afs.parkinglot.ParkingLotTest" tests="1" skipped="0" failures="0" errors="0" timestamp="2025-09-08T10:13:09" hostname="TANGKE3-W11" time="0.012">
  <properties/>
  <testcase name="should_throw_UnrecognizedParkingTicketException_when_fetch_given_used_ticket()" classname="com.afs.parkinglot.ParkingLotTest" time="0.012"/>
  <system-out><![CDATA[]]></system-out>
  <system-err><![CDATA[]]></system-err>
</testsuite>
