<?xml version="1.0" encoding="UTF-8"?>
<testsuite name="com.afs.parkinglot.ParkingLotTest" tests="8" skipped="0" failures="0" errors="0" timestamp="2025-09-08T10:13:29" hostname="TANGKE3-W11" time="0.019">
  <properties/>
  <testcase name="should_throw_UnrecognizedParkingTicketException_when_fetch_given_invalid_ticket()" classname="com.afs.parkinglot.ParkingLotTest" time="0.01"/>
  <testcase name="should_thrown_NoAvailablePositionException_when_park_given_full_ParkingLot_and_Car()" classname="com.afs.parkinglot.ParkingLotTest" time="0.001"/>
  <testcase name="should_return_ParkingTicket_when_park_given_not_full_ParkingLot_and_Car()" classname="com.afs.parkinglot.ParkingLotTest" time="0.001"/>
  <testcase name="should_throw_UnrecognizedParkingTicketException_when_fetch_given_used_ticket()" classname="com.afs.parkinglot.ParkingLotTest" time="0.001"/>
  <testcase name="should_return_null_when_park_given_not_full_ParkingLot_and_null_Car()" classname="com.afs.parkinglot.ParkingLotTest" time="0.0"/>
  <testcase name="should_throw_UnrecognizedParkingTicketException_when_fetch_given_null_ticket()" classname="com.afs.parkinglot.ParkingLotTest" time="0.0"/>
  <testcase name="should_return_Car_when_fetch_given_correct_ticket()" classname="com.afs.parkinglot.ParkingLotTest" time="0.0"/>
  <testcase name="should_return_null_when_park_given_not_full_ParkingLot_and_parked_Car()" classname="com.afs.parkinglot.ParkingLotTest" time="0.001"/>
  <system-out><![CDATA[]]></system-out>
  <system-err><![CDATA[]]></system-err>
</testsuite>
